{"/Users/haoyang/Documents/编码/learnVue3Ts/zhe-ye/hepler.ts": {"path":"/Users/haoyang/Documents/编码/learnVue3Ts/zhe-ye/hepler.ts","statementMap":{"0":{"start":{"line":9,"column":2},"end":{"line":16,"column":null}},"1":{"start":{"line":10,"column":22},"end":{"line":10,"column":28}},"2":{"start":{"line":11,"column":6},"end":{"line":11,"column":13}},"3":{"start":{"line":13,"column":4},"end":{"line":13,"column":8}},"4":{"start":{"line":3,"column":0},"end":{"line":3,"column":16}},"5":{"start":{"line":24,"column":2},"end":{"line":33,"column":null}},"6":{"start":{"line":25,"column":4},"end":{"line":25,"column":18}},"7":{"start":{"line":27,"column":21},"end":{"line":27,"column":null}},"8":{"start":{"line":28,"column":4},"end":{"line":28,"column":8}},"9":{"start":{"line":19,"column":0},"end":{"line":19,"column":16}},"10":{"start":{"line":42,"column":27},"end":{"line":42,"column":null}},"11":{"start":{"line":43,"column":24},"end":{"line":43,"column":null}},"12":{"start":{"line":44,"column":22},"end":{"line":44,"column":null}},"13":{"start":{"line":45,"column":25},"end":{"line":45,"column":null}},"14":{"start":{"line":46,"column":2},"end":{"line":48,"column":null}},"15":{"start":{"line":47,"column":4},"end":{"line":47,"column":9}},"16":{"start":{"line":49,"column":2},"end":{"line":51,"column":null}},"17":{"start":{"line":50,"column":4},"end":{"line":50,"column":9}},"18":{"start":{"line":52,"column":2},"end":{"line":52,"column":9}},"19":{"start":{"line":41,"column":0},"end":{"line":41,"column":16}},"20":{"start":{"line":61,"column":30},"end":{"line":61,"column":null}},"21":{"start":{"line":66,"column":53},"end":{"line":73,"column":null}},"22":{"start":{"line":67,"column":2},"end":{"line":67,"column":9}},"23":{"start":{"line":68,"column":4},"end":{"line":70,"column":null}},"24":{"start":{"line":69,"column":6},"end":{"line":69,"column":10}},"25":{"start":{"line":71,"column":4},"end":{"line":71,"column":11}},"26":{"start":{"line":66,"column":13},"end":{"line":66,"column":21}},"27":{"start":{"line":74,"column":15},"end":{"line":74,"column":24}},"28":{"start":{"line":75,"column":0},"end":{"line":75,"column":7}},"29":{"start":{"line":76,"column":28},"end":{"line":78,"column":null}},"30":{"start":{"line":77,"column":2},"end":{"line":77,"column":9}},"31":{"start":{"line":77,"column":39},"end":{"line":77,"column":43}},"32":{"start":{"line":76,"column":13},"end":{"line":76,"column":21}},"33":{"start":{"line":79,"column":48},"end":{"line":79,"column":null}},"34":{"start":{"line":84,"column":16},"end":{"line":84,"column":25}},"35":{"start":{"line":85,"column":0},"end":{"line":85,"column":7}}},"fnMap":{"0":{"name":"generateFitUrl","decl":{"start":{"line":3,"column":16},"end":{"line":3,"column":null}},"loc":{"start":{"line":7,"column":20},"end":{"line":17,"column":null}}},"1":{"name":"(anonymous_1)","decl":{"start":{"line":10,"column":36},"end":{"line":10,"column":37}},"loc":{"start":{"line":10,"column":54},"end":{"line":12,"column":7}}},"2":{"name":"addColumnAvatar","decl":{"start":{"line":19,"column":16},"end":{"line":19,"column":null}},"loc":{"start":{"line":22,"column":16},"end":{"line":34,"column":null}}},"3":{"name":"beforeUploadCheck","decl":{"start":{"line":41,"column":16},"end":{"line":41,"column":34}},"loc":{"start":{"line":41,"column":71},"end":{"line":56,"column":null}}},"4":{"name":"(anonymous_4)","decl":{"start":{"line":66,"column":53},"end":{"line":66,"column":70}},"loc":{"start":{"line":66,"column":70},"end":{"line":73,"column":null}}},"5":{"name":"(anonymous_5)","decl":{"start":{"line":67,"column":20},"end":{"line":67,"column":21}},"loc":{"start":{"line":67,"column":38},"end":{"line":72,"column":5}}},"6":{"name":"(anonymous_6)","decl":{"start":{"line":76,"column":28},"end":{"line":76,"column":57}},"loc":{"start":{"line":76,"column":57},"end":{"line":78,"column":null}}},"7":{"name":"(anonymous_7)","decl":{"start":{"line":77,"column":31},"end":{"line":77,"column":39}},"loc":{"start":{"line":77,"column":39},"end":{"line":77,"column":43}}}},"branchMap":{"0":{"loc":{"start":{"line":7,"column":2},"end":{"line":7,"column":12}},"type":"default-arg","locations":[{"start":{"line":7,"column":11},"end":{"line":7,"column":12}}]},"1":{"loc":{"start":{"line":9,"column":2},"end":{"line":16,"column":null}},"type":"if","locations":[{"start":{"line":9,"column":2},"end":{"line":16,"column":null}}]},"2":{"loc":{"start":{"line":9,"column":6},"end":{"line":9,"column":24}},"type":"binary-expr","locations":[{"start":{"line":9,"column":6},"end":{"line":9,"column":10}},{"start":{"line":9,"column":14},"end":{"line":9,"column":24}}]},"3":{"loc":{"start":{"line":24,"column":2},"end":{"line":33,"column":null}},"type":"if","locations":[{"start":{"line":24,"column":2},"end":{"line":33,"column":null}},{"start":{"line":26,"column":9},"end":{"line":33,"column":null}}]},"4":{"loc":{"start":{"line":29,"column":22},"end":{"line":31,"column":null}},"type":"cond-expr","locations":[{"start":{"line":30,"column":10},"end":{"line":30,"column":null}},{"start":{"line":31,"column":10},"end":{"line":31,"column":null}}]},"5":{"loc":{"start":{"line":43,"column":24},"end":{"line":43,"column":null}},"type":"cond-expr","locations":[{"start":{"line":43,"column":33},"end":{"line":43,"column":39}},{"start":{"line":43,"column":62},"end":{"line":43,"column":null}}]},"6":{"loc":{"start":{"line":44,"column":22},"end":{"line":44,"column":null}},"type":"cond-expr","locations":[{"start":{"line":44,"column":29},"end":{"line":44,"column":62}},{"start":{"line":44,"column":62},"end":{"line":44,"column":null}}]},"7":{"loc":{"start":{"line":46,"column":2},"end":{"line":48,"column":null}},"type":"if","locations":[{"start":{"line":46,"column":2},"end":{"line":48,"column":null}}]},"8":{"loc":{"start":{"line":49,"column":2},"end":{"line":51,"column":null}},"type":"if","locations":[{"start":{"line":49,"column":2},"end":{"line":51,"column":null}}]},"9":{"loc":{"start":{"line":53,"column":12},"end":{"line":53,"column":null}},"type":"binary-expr","locations":[{"start":{"line":53,"column":12},"end":{"line":53,"column":25}},{"start":{"line":53,"column":29},"end":{"line":53,"column":null}}]},"10":{"loc":{"start":{"line":68,"column":4},"end":{"line":70,"column":null}},"type":"if","locations":[{"start":{"line":68,"column":4},"end":{"line":70,"column":null}}]}},"s":{"0":0,"1":0,"2":0,"3":0,"4":2,"5":0,"6":0,"7":0,"8":0,"9":2,"10":1,"11":1,"12":1,"13":1,"14":1,"15":1,"16":1,"17":0,"18":1,"19":2,"20":2,"21":2,"22":2,"23":4,"24":4,"25":4,"26":2,"27":2,"28":2,"29":2,"30":2,"31":4,"32":2,"33":2,"34":2,"35":2},"f":{"0":0,"1":0,"2":0,"3":1,"4":2,"5":4,"6":2,"7":4},"b":{"0":[0],"1":[0],"2":[0,0],"3":[0,0],"4":[0,0],"5":[1,0],"6":[1,0],"7":[1],"8":[0],"9":[1,0],"10":[4]}}
,"/Users/haoyang/Documents/编码/learnVue3Ts/zhe-ye/src/components/HelloWorld.vue": {"path":"/Users/haoyang/Documents/编码/learnVue3Ts/zhe-ye/src/components/HelloWorld.vue","statementMap":{"0":{"start":{"line":38,"column":0},"end":{"line":38,"column":null}},"1":{"start":{"line":40,"column":0},"end":{"line":40,"column":15}}},"fnMap":{},"branchMap":{},"s":{"0":1,"1":1},"f":{},"b":{}}
,"/Users/haoyang/Documents/编码/learnVue3Ts/zhe-ye/src/components/Message.vue": {"path":"/Users/haoyang/Documents/编码/learnVue3Ts/zhe-ye/src/components/Message.vue","statementMap":{"0":{"start":{"line":23,"column":0},"end":{"line":23,"column":null}},"1":{"start":{"line":24,"column":0},"end":{"line":24,"column":null}},"2":{"start":{"line":26,"column":0},"end":{"line":26,"column":15}},"3":{"start":{"line":37,"column":4},"end":{"line":37,"column":17}},"4":{"start":{"line":38,"column":22},"end":{"line":38,"column":26}},"5":{"start":{"line":39,"column":24},"end":{"line":39,"column":null}},"6":{"start":{"line":44,"column":17},"end":{"line":47,"column":null}},"7":{"start":{"line":45,"column":6},"end":{"line":45,"column":15}},"8":{"start":{"line":46,"column":6},"end":{"line":46,"column":13}},"9":{"start":{"line":48,"column":4},"end":{"line":48,"column":11}}},"fnMap":{"0":{"name":"(anonymous_1)","decl":{"start":{"line":36,"column":7},"end":{"line":36,"column":8}},"loc":{"start":{"line":36,"column":22},"end":{"line":53,"column":null}}},"1":{"name":"(anonymous_2)","decl":{"start":{"line":44,"column":17},"end":{"line":44,"column":null}},"loc":{"start":{"line":44,"column":17},"end":{"line":47,"column":null}}}},"branchMap":{},"s":{"0":2,"1":2,"2":2,"3":1,"4":1,"5":1,"6":1,"7":0,"8":0,"9":1},"f":{"0":1,"1":0},"b":{}}
,"/Users/haoyang/Documents/编码/learnVue3Ts/zhe-ye/src/components/Uploader.vue": {"path":"/Users/haoyang/Documents/编码/learnVue3Ts/zhe-ye/src/components/Uploader.vue","statementMap":{"0":{"start":{"line":31,"column":0},"end":{"line":31,"column":null}},"1":{"start":{"line":32,"column":0},"end":{"line":32,"column":null}},"2":{"start":{"line":35,"column":0},"end":{"line":35,"column":15}},"3":{"start":{"line":52,"column":22},"end":{"line":52,"column":51}},"4":{"start":{"line":53,"column":4},"end":{"line":53,"column":11}},"5":{"start":{"line":54,"column":23},"end":{"line":54,"column":41}},"6":{"start":{"line":55,"column":25},"end":{"line":55,"column":29}},"7":{"start":{"line":56,"column":4},"end":{"line":56,"column":null}},"8":{"start":{"line":57,"column":12},"end":{"line":57,"column":17}},"9":{"start":{"line":59,"column":8},"end":{"line":62,"column":null}},"10":{"start":{"line":60,"column":10},"end":{"line":60,"column":20}},"11":{"start":{"line":61,"column":10},"end":{"line":61,"column":22}},"12":{"start":{"line":65,"column":26},"end":{"line":69,"column":null}},"13":{"start":{"line":66,"column":6},"end":{"line":68,"column":null}},"14":{"start":{"line":67,"column":8},"end":{"line":67,"column":17}},"15":{"start":{"line":70,"column":29},"end":{"line":104,"column":null}},"16":{"start":{"line":71,"column":28},"end":{"line":71,"column":null}},"17":{"start":{"line":72,"column":6},"end":{"line":103,"column":null}},"18":{"start":{"line":73,"column":22},"end":{"line":73,"column":27}},"19":{"start":{"line":74,"column":8},"end":{"line":79,"column":null}},"20":{"start":{"line":75,"column":25},"end":{"line":75,"column":30}},"21":{"start":{"line":76,"column":10},"end":{"line":78,"column":null}},"22":{"start":{"line":77,"column":12},"end":{"line":77,"column":null}},"23":{"start":{"line":80,"column":8},"end":{"line":80,"column":18}},"24":{"start":{"line":81,"column":25},"end":{"line":81,"column":29}},"25":{"start":{"line":82,"column":8},"end":{"line":82,"column":16}},"26":{"start":{"line":83,"column":8},"end":{"line":83,"column":null}},"27":{"start":{"line":90,"column":12},"end":{"line":90,"column":22}},"28":{"start":{"line":91,"column":12},"end":{"line":91,"column":24}},"29":{"start":{"line":92,"column":12},"end":{"line":92,"column":19}},"30":{"start":{"line":95,"column":12},"end":{"line":95,"column":22}},"31":{"start":{"line":96,"column":12},"end":{"line":96,"column":19}},"32":{"start":{"line":99,"column":12},"end":{"line":101,"column":null}},"33":{"start":{"line":100,"column":14},"end":{"line":100,"column":23}},"34":{"start":{"line":105,"column":4},"end":{"line":105,"column":11}}},"fnMap":{"0":{"name":"(anonymous_1)","decl":{"start":{"line":51,"column":2},"end":{"line":51,"column":7}},"loc":{"start":{"line":51,"column":22},"end":{"line":112,"column":null}}},"1":{"name":"(anonymous_2)","decl":{"start":{"line":57,"column":6},"end":{"line":57,"column":12}},"loc":{"start":{"line":57,"column":6},"end":{"line":57,"column":null}}},"2":{"name":"(anonymous_3)","decl":{"start":{"line":58,"column":6},"end":{"line":58,"column":7}},"loc":{"start":{"line":58,"column":15},"end":{"line":63,"column":null}}},"3":{"name":"(anonymous_4)","decl":{"start":{"line":65,"column":26},"end":{"line":65,"column":null}},"loc":{"start":{"line":65,"column":26},"end":{"line":69,"column":null}}},"4":{"name":"(anonymous_5)","decl":{"start":{"line":70,"column":29},"end":{"line":70,"column":30}},"loc":{"start":{"line":70,"column":38},"end":{"line":104,"column":null}}},"5":{"name":"(anonymous_6)","decl":{"start":{"line":89,"column":16},"end":{"line":89,"column":17}},"loc":{"start":{"line":89,"column":21},"end":{"line":93,"column":null}}},"6":{"name":"(anonymous_7)","decl":{"start":{"line":94,"column":17},"end":{"line":94,"column":18}},"loc":{"start":{"line":94,"column":23},"end":{"line":97,"column":null}}},"7":{"name":"(anonymous_8)","decl":{"start":{"line":98,"column":19},"end":{"line":98,"column":null}},"loc":{"start":{"line":98,"column":19},"end":{"line":102,"column":null}}}},"branchMap":{"0":{"loc":{"start":{"line":54,"column":41},"end":{"line":54,"column":null}},"type":"cond-expr","locations":[{"start":{"line":54,"column":58},"end":{"line":54,"column":70}},{"start":{"line":54,"column":70},"end":{"line":54,"column":null}}]},"1":{"loc":{"start":{"line":59,"column":8},"end":{"line":62,"column":null}},"type":"if","locations":[{"start":{"line":59,"column":8},"end":{"line":62,"column":null}}]},"2":{"loc":{"start":{"line":66,"column":6},"end":{"line":68,"column":null}},"type":"if","locations":[{"start":{"line":66,"column":6},"end":{"line":68,"column":null}}]},"3":{"loc":{"start":{"line":72,"column":6},"end":{"line":103,"column":null}},"type":"if","locations":[{"start":{"line":72,"column":6},"end":{"line":103,"column":null}}]},"4":{"loc":{"start":{"line":74,"column":8},"end":{"line":79,"column":null}},"type":"if","locations":[{"start":{"line":74,"column":8},"end":{"line":79,"column":null}}]},"5":{"loc":{"start":{"line":76,"column":10},"end":{"line":78,"column":null}},"type":"if","locations":[{"start":{"line":76,"column":10},"end":{"line":78,"column":null}}]},"6":{"loc":{"start":{"line":99,"column":12},"end":{"line":101,"column":null}},"type":"if","locations":[{"start":{"line":99,"column":12},"end":{"line":101,"column":null}}]}},"s":{"0":1,"1":1,"2":1,"3":2,"4":2,"5":2,"6":2,"7":2,"8":2,"9":0,"10":0,"11":0,"12":2,"13":0,"14":0,"15":2,"16":0,"17":0,"18":0,"19":0,"20":0,"21":0,"22":0,"23":0,"24":0,"25":0,"26":0,"27":0,"28":0,"29":0,"30":0,"31":0,"32":0,"33":0,"34":2},"f":{"0":2,"1":2,"2":0,"3":0,"4":0,"5":0,"6":0,"7":0},"b":{"0":[0,2],"1":[0],"2":[0],"3":[0],"4":[0],"5":[0],"6":[0]}}
,"/Users/haoyang/Documents/编码/learnVue3Ts/zhe-ye/src/components/ValidateFrom.vue": {"path":"/Users/haoyang/Documents/编码/learnVue3Ts/zhe-ye/src/components/ValidateFrom.vue","statementMap":{"0":{"start":{"line":12,"column":0},"end":{"line":12,"column":null}},"1":{"start":{"line":13,"column":0},"end":{"line":13,"column":null}},"2":{"start":{"line":14,"column":13},"end":{"line":14,"column":23}},"3":{"start":{"line":17,"column":0},"end":{"line":17,"column":15}},"4":{"start":{"line":20,"column":34},"end":{"line":20,"column":null}},"5":{"start":{"line":21,"column":23},"end":{"line":24,"column":null}},"6":{"start":{"line":22,"column":21},"end":{"line":22,"column":28}},"7":{"start":{"line":22,"column":43},"end":{"line":22,"column":47}},"8":{"start":{"line":22,"column":69},"end":{"line":22,"column":75}},"9":{"start":{"line":23,"column":6},"end":{"line":23,"column":13}},"10":{"start":{"line":25,"column":21},"end":{"line":27,"column":null}},"11":{"start":{"line":26,"column":6},"end":{"line":26,"column":13}},"12":{"start":{"line":28,"column":4},"end":{"line":28,"column":12}},"13":{"start":{"line":29,"column":4},"end":{"line":29,"column":16}},"14":{"start":{"line":30,"column":6},"end":{"line":30,"column":14}},"15":{"start":{"line":31,"column":6},"end":{"line":31,"column":13}},"16":{"start":{"line":33,"column":4},"end":{"line":33,"column":11}}},"fnMap":{"0":{"name":"(anonymous_1)","decl":{"start":{"line":19,"column":2},"end":{"line":19,"column":7}},"loc":{"start":{"line":19,"column":22},"end":{"line":36,"column":null}}},"1":{"name":"(anonymous_2)","decl":{"start":{"line":21,"column":23},"end":{"line":21,"column":null}},"loc":{"start":{"line":21,"column":23},"end":{"line":24,"column":null}}},"2":{"name":"(anonymous_3)","decl":{"start":{"line":22,"column":33},"end":{"line":22,"column":34}},"loc":{"start":{"line":22,"column":38},"end":{"line":22,"column":51}}},"3":{"name":"(anonymous_4)","decl":{"start":{"line":22,"column":57},"end":{"line":22,"column":58}},"loc":{"start":{"line":22,"column":64},"end":{"line":22,"column":null}}},"4":{"name":"(anonymous_5)","decl":{"start":{"line":25,"column":21},"end":{"line":25,"column":22}},"loc":{"start":{"line":25,"column":31},"end":{"line":27,"column":null}}},"5":{"name":"(anonymous_6)","decl":{"start":{"line":29,"column":16},"end":{"line":29,"column":null}},"loc":{"start":{"line":29,"column":16},"end":{"line":32,"column":null}}}},"branchMap":{},"s":{"0":1,"1":1,"2":1,"3":1,"4":2,"5":2,"6":2,"7":4,"8":3,"9":2,"10":2,"11":4,"12":2,"13":2,"14":1,"15":1,"16":2},"f":{"0":2,"1":2,"2":4,"3":3,"4":4,"5":1},"b":{}}
,"/Users/haoyang/Documents/编码/learnVue3Ts/zhe-ye/src/components/ValidateInput.vue": {"path":"/Users/haoyang/Documents/编码/learnVue3Ts/zhe-ye/src/components/ValidateInput.vue","statementMap":{"0":{"start":{"line":17,"column":0},"end":{"line":17,"column":null}},"1":{"start":{"line":18,"column":0},"end":{"line":18,"column":null}},"2":{"start":{"line":20,"column":2},"end":{"line":20,"column":null}},"3":{"start":{"line":27,"column":0},"end":{"line":27,"column":15}},"4":{"start":{"line":39,"column":21},"end":{"line":39,"column":30}},"5":{"start":{"line":45,"column":24},"end":{"line":49,"column":null}},"6":{"start":{"line":46,"column":27},"end":{"line":46,"column":null}},"7":{"start":{"line":47,"column":6},"end":{"line":47,"column":14}},"8":{"start":{"line":48,"column":6},"end":{"line":48,"column":13}},"9":{"start":{"line":50,"column":26},"end":{"line":69,"column":null}},"10":{"start":{"line":51,"column":6},"end":{"line":67,"column":null}},"11":{"start":{"line":52,"column":26},"end":{"line":52,"column":31}},"12":{"start":{"line":53,"column":23},"end":{"line":53,"column":null}},"13":{"start":{"line":54,"column":10},"end":{"line":54,"column":18}},"14":{"start":{"line":55,"column":10},"end":{"line":55,"column":18}},"15":{"start":{"line":57,"column":14},"end":{"line":57,"column":20}},"16":{"start":{"line":58,"column":14},"end":{"line":58,"column":null}},"17":{"start":{"line":60,"column":14},"end":{"line":60,"column":20}},"18":{"start":{"line":61,"column":14},"end":{"line":61,"column":null}},"19":{"start":{"line":63,"column":10},"end":{"line":63,"column":17}},"20":{"start":{"line":65,"column":8},"end":{"line":65,"column":16}},"21":{"start":{"line":66,"column":8},"end":{"line":66,"column":15}},"22":{"start":{"line":68,"column":6},"end":{"line":68,"column":13}},"23":{"start":{"line":70,"column":4},"end":{"line":70,"column":14}},"24":{"start":{"line":71,"column":6},"end":{"line":71,"column":14}},"25":{"start":{"line":73,"column":4},"end":{"line":73,"column":11}}},"fnMap":{"0":{"name":"(anonymous_0)","decl":{"start":{"line":38,"column":2},"end":{"line":38,"column":7}},"loc":{"start":{"line":38,"column":22},"end":{"line":78,"column":null}}},"1":{"name":"(anonymous_1)","decl":{"start":{"line":45,"column":24},"end":{"line":45,"column":25}},"loc":{"start":{"line":45,"column":41},"end":{"line":49,"column":null}}},"2":{"name":"(anonymous_2)","decl":{"start":{"line":50,"column":26},"end":{"line":50,"column":null}},"loc":{"start":{"line":50,"column":26},"end":{"line":69,"column":null}}},"3":{"name":"(anonymous_3)","decl":{"start":{"line":52,"column":44},"end":{"line":52,"column":45}},"loc":{"start":{"line":52,"column":49},"end":{"line":64,"column":null}}},"4":{"name":"(anonymous_4)","decl":{"start":{"line":70,"column":14},"end":{"line":70,"column":null}},"loc":{"start":{"line":70,"column":14},"end":{"line":72,"column":null}}}},"branchMap":{"0":{"loc":{"start":{"line":40,"column":11},"end":{"line":40,"column":null}},"type":"binary-expr","locations":[{"start":{"line":40,"column":11},"end":{"line":40,"column":31}},{"start":{"line":40,"column":31},"end":{"line":40,"column":null}}]},"1":{"loc":{"start":{"line":51,"column":6},"end":{"line":67,"column":null}},"type":"if","locations":[{"start":{"line":51,"column":6},"end":{"line":67,"column":null}}]},"2":{"loc":{"start":{"line":55,"column":10},"end":{"line":55,"column":18}},"type":"switch","locations":[{"start":{"line":56,"column":12},"end":{"line":58,"column":null}},{"start":{"line":59,"column":12},"end":{"line":61,"column":null}}]}},"s":{"0":1,"1":1,"2":1,"3":1,"4":4,"5":4,"6":3,"7":3,"8":3,"9":4,"10":4,"11":4,"12":6,"13":6,"14":6,"15":4,"16":4,"17":2,"18":2,"19":6,"20":4,"21":4,"22":0,"23":4,"24":4,"25":4},"f":{"0":4,"1":3,"2":4,"3":6,"4":4},"b":{"0":[4,4],"1":[4],"2":[4,2]}}
,"/Users/haoyang/Documents/编码/learnVue3Ts/zhe-ye/src/components/cretaMessage.ts": {"path":"/Users/haoyang/Documents/编码/learnVue3Ts/zhe-ye/src/components/cretaMessage.ts","statementMap":{"0":{"start":{"line":1,"column":0},"end":{"line":1,"column":null}},"1":{"start":{"line":2,"column":0},"end":{"line":2,"column":null}},"2":{"start":{"line":5,"column":22},"end":{"line":17,"column":null}},"3":{"start":{"line":6,"column":26},"end":{"line":6,"column":36}},"4":{"start":{"line":10,"column":20},"end":{"line":10,"column":28}},"5":{"start":{"line":11,"column":2},"end":{"line":11,"column":10}},"6":{"start":{"line":12,"column":2},"end":{"line":12,"column":17}},"7":{"start":{"line":13,"column":2},"end":{"line":13,"column":12}},"8":{"start":{"line":14,"column":4},"end":{"line":14,"column":19}},"9":{"start":{"line":15,"column":4},"end":{"line":15,"column":12}},"10":{"start":{"line":19,"column":0},"end":{"line":19,"column":15}}},"fnMap":{"0":{"name":"(anonymous_1)","decl":{"start":{"line":5,"column":22},"end":{"line":5,"column":23}},"loc":{"start":{"line":5,"column":77},"end":{"line":17,"column":null}}},"1":{"name":"(anonymous_2)","decl":{"start":{"line":13,"column":13},"end":{"line":13,"column":18}},"loc":{"start":{"line":13,"column":18},"end":{"line":16,"column":5}}}},"branchMap":{"0":{"loc":{"start":{"line":5,"column":59},"end":{"line":5,"column":77}},"type":"default-arg","locations":[{"start":{"line":5,"column":69},"end":{"line":5,"column":77}}]}},"s":{"0":2,"1":2,"2":2,"3":1,"4":1,"5":1,"6":1,"7":1,"8":1,"9":1,"10":2},"f":{"0":1,"1":1},"b":{"0":[1]}}
,"/Users/haoyang/Documents/编码/learnVue3Ts/zhe-ye/src/hooks/useDOMCreate.ts": {"path":"/Users/haoyang/Documents/编码/learnVue3Ts/zhe-ye/src/hooks/useDOMCreate.ts","statementMap":{"0":{"start":{"line":1,"column":0},"end":{"line":1,"column":null}},"1":{"start":{"line":4,"column":15},"end":{"line":4,"column":23}},"2":{"start":{"line":5,"column":2},"end":{"line":5,"column":6}},"3":{"start":{"line":6,"column":2},"end":{"line":6,"column":10}},"4":{"start":{"line":7,"column":2},"end":{"line":7,"column":14}},"5":{"start":{"line":8,"column":4},"end":{"line":8,"column":12}},"6":{"start":{"line":12,"column":0},"end":{"line":12,"column":15}}},"fnMap":{"0":{"name":"useDOMCreate","decl":{"start":{"line":3,"column":9},"end":{"line":3,"column":22}},"loc":{"start":{"line":3,"column":36},"end":{"line":10,"column":null}}},"1":{"name":"(anonymous_1)","decl":{"start":{"line":7,"column":14},"end":{"line":7,"column":19}},"loc":{"start":{"line":7,"column":19},"end":{"line":9,"column":null}}}},"branchMap":{},"s":{"0":2,"1":1,"2":1,"3":1,"4":1,"5":1,"6":2},"f":{"0":1,"1":1},"b":{}}
,"/Users/haoyang/Documents/编码/learnVue3Ts/zhe-ye/src/views/createPost.vue": {"path":"/Users/haoyang/Documents/编码/learnVue3Ts/zhe-ye/src/views/createPost.vue","statementMap":{"0":{"start":{"line":57,"column":0},"end":{"line":57,"column":null}},"1":{"start":{"line":58,"column":0},"end":{"line":58,"column":null}},"2":{"start":{"line":59,"column":0},"end":{"line":59,"column":null}},"3":{"start":{"line":63,"column":0},"end":{"line":63,"column":null}},"4":{"start":{"line":64,"column":0},"end":{"line":64,"column":null}},"5":{"start":{"line":65,"column":0},"end":{"line":65,"column":null}},"6":{"start":{"line":66,"column":0},"end":{"line":66,"column":15}},"7":{"start":{"line":74,"column":25},"end":{"line":74,"column":null}},"8":{"start":{"line":77,"column":18},"end":{"line":77,"column":null}},"9":{"start":{"line":78,"column":4},"end":{"line":78,"column":11}},"10":{"start":{"line":79,"column":23},"end":{"line":79,"column":25}},"11":{"start":{"line":81,"column":18},"end":{"line":81,"column":null}},"12":{"start":{"line":82,"column":18},"end":{"line":82,"column":null}},"13":{"start":{"line":90,"column":4},"end":{"line":90,"column":14}},"14":{"start":{"line":91,"column":6},"end":{"line":102,"column":null}},"15":{"start":{"line":92,"column":8},"end":{"line":92,"column":13}},"16":{"start":{"line":95,"column":32},"end":{"line":95,"column":null}},"17":{"start":{"line":96,"column":12},"end":{"line":98,"column":null}},"18":{"start":{"line":97,"column":14},"end":{"line":97,"column":26}},"19":{"start":{"line":104,"column":31},"end":{"line":108,"column":null}},"20":{"start":{"line":105,"column":6},"end":{"line":107,"column":null}},"21":{"start":{"line":106,"column":8},"end":{"line":106,"column":15}},"22":{"start":{"line":138,"column":24},"end":{"line":151,"column":null}},"23":{"start":{"line":139,"column":21},"end":{"line":139,"column":39}},"24":{"start":{"line":143,"column":32},"end":{"line":143,"column":null}},"25":{"start":{"line":144,"column":6},"end":{"line":146,"column":null}},"26":{"start":{"line":145,"column":8},"end":{"line":145,"column":22}},"27":{"start":{"line":147,"column":6},"end":{"line":149,"column":null}},"28":{"start":{"line":148,"column":8},"end":{"line":148,"column":22}},"29":{"start":{"line":150,"column":6},"end":{"line":150,"column":13}},"30":{"start":{"line":152,"column":4},"end":{"line":152,"column":11}}},"fnMap":{"0":{"name":"(anonymous_1)","decl":{"start":{"line":73,"column":2},"end":{"line":73,"column":7}},"loc":{"start":{"line":73,"column":2},"end":{"line":163,"column":null}}},"1":{"name":"(anonymous_2)","decl":{"start":{"line":90,"column":14},"end":{"line":90,"column":null}},"loc":{"start":{"line":90,"column":14},"end":{"line":103,"column":null}}},"2":{"name":"(anonymous_3)","decl":{"start":{"line":94,"column":16},"end":{"line":94,"column":17}},"loc":{"start":{"line":94,"column":49},"end":{"line":101,"column":null}}},"3":{"name":"(anonymous_4)","decl":{"start":{"line":104,"column":31},"end":{"line":104,"column":32}},"loc":{"start":{"line":104,"column":65},"end":{"line":108,"column":null}}},"4":{"name":"(anonymous_5)","decl":{"start":{"line":138,"column":24},"end":{"line":138,"column":25}},"loc":{"start":{"line":138,"column":35},"end":{"line":151,"column":null}}}},"branchMap":{"0":{"loc":{"start":{"line":79,"column":25},"end":{"line":79,"column":null}},"type":"cond-expr","locations":[{"start":{"line":79,"column":37},"end":{"line":79,"column":39}},{"start":{"line":79,"column":37},"end":{"line":79,"column":null}}]},"1":{"loc":{"start":{"line":79,"column":25},"end":{"line":79,"column":39}},"type":"binary-expr","locations":[{"start":{"line":79,"column":25},"end":{"line":79,"column":39}},{"start":{"line":79,"column":37},"end":{"line":79,"column":39}}]},"2":{"loc":{"start":{"line":79,"column":25},"end":{"line":79,"column":37}},"type":"cond-expr","locations":[{"start":{"line":79,"column":30},"end":{"line":79,"column":32}},{"start":{"line":79,"column":25},"end":{"line":79,"column":37}}]},"3":{"loc":{"start":{"line":79,"column":25},"end":{"line":79,"column":32}},"type":"binary-expr","locations":[{"start":{"line":79,"column":25},"end":{"line":79,"column":32}},{"start":{"line":79,"column":25},"end":{"line":79,"column":32}}]},"4":{"loc":{"start":{"line":91,"column":6},"end":{"line":102,"column":null}},"type":"if","locations":[{"start":{"line":91,"column":6},"end":{"line":102,"column":null}}]},"5":{"loc":{"start":{"line":96,"column":12},"end":{"line":98,"column":null}},"type":"if","locations":[{"start":{"line":96,"column":12},"end":{"line":98,"column":null}}]},"6":{"loc":{"start":{"line":105,"column":6},"end":{"line":107,"column":null}},"type":"if","locations":[{"start":{"line":105,"column":6},"end":{"line":107,"column":null}}]},"7":{"loc":{"start":{"line":144,"column":6},"end":{"line":146,"column":null}},"type":"if","locations":[{"start":{"line":144,"column":6},"end":{"line":146,"column":null}}]},"8":{"loc":{"start":{"line":147,"column":6},"end":{"line":149,"column":null}},"type":"if","locations":[{"start":{"line":147,"column":6},"end":{"line":149,"column":null}}]}},"s":{"0":1,"1":1,"2":1,"3":1,"4":1,"5":1,"6":1,"7":2,"8":2,"9":2,"10":2,"11":2,"12":2,"13":2,"14":2,"15":0,"16":0,"17":0,"18":0,"19":2,"20":1,"21":1,"22":2,"23":0,"24":0,"25":0,"26":0,"27":0,"28":0,"29":0,"30":2},"f":{"0":2,"1":2,"2":0,"3":1,"4":0},"b":{"0":[2,0],"1":[2,2],"2":[2,0],"3":[2,2],"4":[0],"5":[0],"6":[1],"7":[0],"8":[0]}}
,"/Users/haoyang/Documents/编码/learnVue3Ts/zhe-ye/src/views/useFrom.vue": {"path":"/Users/haoyang/Documents/编码/learnVue3Ts/zhe-ye/src/views/useFrom.vue","statementMap":{"0":{"start":{"line":27,"column":0},"end":{"line":27,"column":null}},"1":{"start":{"line":28,"column":0},"end":{"line":28,"column":null}},"2":{"start":{"line":29,"column":0},"end":{"line":29,"column":null}},"3":{"start":{"line":31,"column":0},"end":{"line":31,"column":15}},"4":{"start":{"line":33,"column":23},"end":{"line":33,"column":27}},"5":{"start":{"line":34,"column":26},"end":{"line":34,"column":30}},"6":{"start":{"line":35,"column":26},"end":{"line":35,"column":30}},"7":{"start":{"line":36,"column":34},"end":{"line":36,"column":null}},"8":{"start":{"line":47,"column":37},"end":{"line":47,"column":null}},"9":{"start":{"line":54,"column":25},"end":{"line":56,"column":null}},"10":{"start":{"line":55,"column":6},"end":{"line":55,"column":19}},"11":{"start":{"line":57,"column":4},"end":{"line":57,"column":11}}},"fnMap":{"0":{"name":"(anonymous_1)","decl":{"start":{"line":32,"column":2},"end":{"line":32,"column":7}},"loc":{"start":{"line":32,"column":2},"end":{"line":65,"column":null}}},"1":{"name":"(anonymous_2)","decl":{"start":{"line":54,"column":25},"end":{"line":54,"column":26}},"loc":{"start":{"line":54,"column":41},"end":{"line":56,"column":null}}}},"branchMap":{},"s":{"0":1,"1":1,"2":1,"3":1,"4":1,"5":1,"6":1,"7":1,"8":1,"9":1,"10":2,"11":1},"f":{"0":1,"1":2},"b":{}}
}
