{"/Users/haoyang/Documents/编码/learnVue3Ts/zhe-ye/src/components/HelloWorld.vue": {"path":"/Users/haoyang/Documents/编码/learnVue3Ts/zhe-ye/src/components/HelloWorld.vue","statementMap":{"0":{"start":{"line":38,"column":0},"end":{"line":38,"column":null}},"1":{"start":{"line":40,"column":0},"end":{"line":40,"column":15}}},"fnMap":{},"branchMap":{},"s":{"0":1,"1":1},"f":{},"b":{}}
,"/Users/haoyang/Documents/编码/learnVue3Ts/zhe-ye/src/components/ValidateFrom.vue": {"path":"/Users/haoyang/Documents/编码/learnVue3Ts/zhe-ye/src/components/ValidateFrom.vue","statementMap":{"0":{"start":{"line":12,"column":0},"end":{"line":12,"column":null}},"1":{"start":{"line":13,"column":0},"end":{"line":13,"column":null}},"2":{"start":{"line":14,"column":13},"end":{"line":14,"column":23}},"3":{"start":{"line":17,"column":0},"end":{"line":17,"column":15}},"4":{"start":{"line":20,"column":34},"end":{"line":20,"column":null}},"5":{"start":{"line":21,"column":23},"end":{"line":24,"column":null}},"6":{"start":{"line":22,"column":21},"end":{"line":22,"column":28}},"7":{"start":{"line":22,"column":43},"end":{"line":22,"column":47}},"8":{"start":{"line":22,"column":69},"end":{"line":22,"column":75}},"9":{"start":{"line":23,"column":6},"end":{"line":23,"column":13}},"10":{"start":{"line":25,"column":21},"end":{"line":27,"column":null}},"11":{"start":{"line":26,"column":6},"end":{"line":26,"column":13}},"12":{"start":{"line":28,"column":4},"end":{"line":28,"column":12}},"13":{"start":{"line":29,"column":4},"end":{"line":29,"column":16}},"14":{"start":{"line":30,"column":6},"end":{"line":30,"column":14}},"15":{"start":{"line":31,"column":6},"end":{"line":31,"column":13}},"16":{"start":{"line":33,"column":4},"end":{"line":33,"column":11}}},"fnMap":{"0":{"name":"(anonymous_1)","decl":{"start":{"line":19,"column":2},"end":{"line":19,"column":7}},"loc":{"start":{"line":19,"column":22},"end":{"line":36,"column":null}}},"1":{"name":"(anonymous_2)","decl":{"start":{"line":21,"column":23},"end":{"line":21,"column":null}},"loc":{"start":{"line":21,"column":23},"end":{"line":24,"column":null}}},"2":{"name":"(anonymous_3)","decl":{"start":{"line":22,"column":33},"end":{"line":22,"column":34}},"loc":{"start":{"line":22,"column":38},"end":{"line":22,"column":51}}},"3":{"name":"(anonymous_4)","decl":{"start":{"line":22,"column":57},"end":{"line":22,"column":58}},"loc":{"start":{"line":22,"column":64},"end":{"line":22,"column":null}}},"4":{"name":"(anonymous_5)","decl":{"start":{"line":25,"column":21},"end":{"line":25,"column":22}},"loc":{"start":{"line":25,"column":31},"end":{"line":27,"column":null}}},"5":{"name":"(anonymous_6)","decl":{"start":{"line":29,"column":16},"end":{"line":29,"column":null}},"loc":{"start":{"line":29,"column":16},"end":{"line":32,"column":null}}}},"branchMap":{},"s":{"0":1,"1":1,"2":1,"3":1,"4":2,"5":2,"6":2,"7":4,"8":3,"9":2,"10":2,"11":4,"12":2,"13":2,"14":1,"15":1,"16":2},"f":{"0":2,"1":2,"2":4,"3":3,"4":4,"5":1},"b":{}}
,"/Users/haoyang/Documents/编码/learnVue3Ts/zhe-ye/src/components/ValidateInput.vue": {"path":"/Users/haoyang/Documents/编码/learnVue3Ts/zhe-ye/src/components/ValidateInput.vue","statementMap":{"0":{"start":{"line":17,"column":0},"end":{"line":17,"column":null}},"1":{"start":{"line":18,"column":0},"end":{"line":18,"column":null}},"2":{"start":{"line":20,"column":2},"end":{"line":20,"column":null}},"3":{"start":{"line":27,"column":0},"end":{"line":27,"column":15}},"4":{"start":{"line":39,"column":21},"end":{"line":39,"column":30}},"5":{"start":{"line":45,"column":24},"end":{"line":49,"column":null}},"6":{"start":{"line":46,"column":27},"end":{"line":46,"column":null}},"7":{"start":{"line":47,"column":6},"end":{"line":47,"column":14}},"8":{"start":{"line":48,"column":6},"end":{"line":48,"column":13}},"9":{"start":{"line":50,"column":26},"end":{"line":69,"column":null}},"10":{"start":{"line":51,"column":6},"end":{"line":67,"column":null}},"11":{"start":{"line":52,"column":26},"end":{"line":52,"column":31}},"12":{"start":{"line":53,"column":23},"end":{"line":53,"column":null}},"13":{"start":{"line":54,"column":10},"end":{"line":54,"column":18}},"14":{"start":{"line":55,"column":10},"end":{"line":55,"column":18}},"15":{"start":{"line":57,"column":14},"end":{"line":57,"column":20}},"16":{"start":{"line":58,"column":14},"end":{"line":58,"column":null}},"17":{"start":{"line":60,"column":14},"end":{"line":60,"column":20}},"18":{"start":{"line":61,"column":14},"end":{"line":61,"column":null}},"19":{"start":{"line":63,"column":10},"end":{"line":63,"column":17}},"20":{"start":{"line":65,"column":8},"end":{"line":65,"column":16}},"21":{"start":{"line":66,"column":8},"end":{"line":66,"column":15}},"22":{"start":{"line":68,"column":6},"end":{"line":68,"column":13}},"23":{"start":{"line":70,"column":4},"end":{"line":70,"column":14}},"24":{"start":{"line":71,"column":6},"end":{"line":71,"column":14}},"25":{"start":{"line":73,"column":4},"end":{"line":73,"column":11}}},"fnMap":{"0":{"name":"(anonymous_0)","decl":{"start":{"line":38,"column":2},"end":{"line":38,"column":7}},"loc":{"start":{"line":38,"column":22},"end":{"line":78,"column":null}}},"1":{"name":"(anonymous_1)","decl":{"start":{"line":45,"column":24},"end":{"line":45,"column":25}},"loc":{"start":{"line":45,"column":41},"end":{"line":49,"column":null}}},"2":{"name":"(anonymous_2)","decl":{"start":{"line":50,"column":26},"end":{"line":50,"column":null}},"loc":{"start":{"line":50,"column":26},"end":{"line":69,"column":null}}},"3":{"name":"(anonymous_3)","decl":{"start":{"line":52,"column":44},"end":{"line":52,"column":45}},"loc":{"start":{"line":52,"column":49},"end":{"line":64,"column":null}}},"4":{"name":"(anonymous_4)","decl":{"start":{"line":70,"column":14},"end":{"line":70,"column":null}},"loc":{"start":{"line":70,"column":14},"end":{"line":72,"column":null}}}},"branchMap":{"0":{"loc":{"start":{"line":40,"column":11},"end":{"line":40,"column":null}},"type":"binary-expr","locations":[{"start":{"line":40,"column":11},"end":{"line":40,"column":31}},{"start":{"line":40,"column":31},"end":{"line":40,"column":null}}]},"1":{"loc":{"start":{"line":51,"column":6},"end":{"line":67,"column":null}},"type":"if","locations":[{"start":{"line":51,"column":6},"end":{"line":67,"column":null}}]},"2":{"loc":{"start":{"line":55,"column":10},"end":{"line":55,"column":18}},"type":"switch","locations":[{"start":{"line":56,"column":12},"end":{"line":58,"column":null}},{"start":{"line":59,"column":12},"end":{"line":61,"column":null}}]}},"s":{"0":1,"1":1,"2":1,"3":1,"4":4,"5":4,"6":3,"7":3,"8":3,"9":4,"10":5,"11":4,"12":6,"13":6,"14":6,"15":4,"16":4,"17":2,"18":2,"19":6,"20":4,"21":4,"22":1,"23":4,"24":4,"25":4},"f":{"0":4,"1":3,"2":5,"3":6,"4":4},"b":{"0":[4,4],"1":[4],"2":[4,2]}}
,"/Users/haoyang/Documents/编码/learnVue3Ts/zhe-ye/src/views/useFrom.vue": {"path":"/Users/haoyang/Documents/编码/learnVue3Ts/zhe-ye/src/views/useFrom.vue","statementMap":{"0":{"start":{"line":27,"column":0},"end":{"line":27,"column":null}},"1":{"start":{"line":28,"column":0},"end":{"line":28,"column":null}},"2":{"start":{"line":29,"column":0},"end":{"line":29,"column":null}},"3":{"start":{"line":31,"column":0},"end":{"line":31,"column":15}},"4":{"start":{"line":33,"column":23},"end":{"line":33,"column":27}},"5":{"start":{"line":34,"column":26},"end":{"line":34,"column":30}},"6":{"start":{"line":35,"column":26},"end":{"line":35,"column":30}},"7":{"start":{"line":36,"column":34},"end":{"line":36,"column":null}},"8":{"start":{"line":47,"column":37},"end":{"line":47,"column":null}},"9":{"start":{"line":54,"column":25},"end":{"line":56,"column":null}},"10":{"start":{"line":55,"column":6},"end":{"line":55,"column":19}},"11":{"start":{"line":57,"column":4},"end":{"line":57,"column":11}}},"fnMap":{"0":{"name":"(anonymous_1)","decl":{"start":{"line":32,"column":2},"end":{"line":32,"column":7}},"loc":{"start":{"line":32,"column":2},"end":{"line":65,"column":null}}},"1":{"name":"(anonymous_2)","decl":{"start":{"line":54,"column":25},"end":{"line":54,"column":26}},"loc":{"start":{"line":54,"column":41},"end":{"line":56,"column":null}}}},"branchMap":{},"s":{"0":1,"1":1,"2":1,"3":1,"4":1,"5":1,"6":1,"7":1,"8":1,"9":1,"10":2,"11":1},"f":{"0":1,"1":2},"b":{}}
}
