TN:
SF:hepler.ts
FN:3,generateFitUrl
FN:10,(anonymous_1)
FN:19,addColumnAvatar
FN:41,beforeUploadCheck
FN:66,(anonymous_4)
FN:67,(anonymous_5)
FN:76,(anonymous_6)
FN:77,(anonymous_7)
FNF:8
FNH:5
FNDA:0,generateFitUrl
FNDA:0,(anonymous_1)
FNDA:0,addColumnAvatar
FNDA:1,beforeUploadCheck
FNDA:2,(anonymous_4)
FNDA:4,(anonymous_5)
FNDA:2,(anonymous_6)
FNDA:4,(anonymous_7)
DA:3,2
DA:9,0
DA:10,0
DA:11,0
DA:13,0
DA:19,2
DA:24,0
DA:25,0
DA:27,0
DA:28,0
DA:41,2
DA:42,1
DA:43,1
DA:44,1
DA:45,1
DA:46,1
DA:47,1
DA:49,1
DA:50,0
DA:52,1
DA:61,2
DA:66,2
DA:67,2
DA:68,4
DA:69,4
DA:71,4
DA:74,2
DA:75,2
DA:76,2
DA:77,4
DA:79,2
DA:84,2
DA:85,2
LF:33
LH:24
BRDA:7,0,0,0
BRDA:9,1,0,0
BRDA:9,2,0,0
BRDA:9,2,1,0
BRDA:24,3,0,0
BRDA:24,3,1,0
BRDA:29,4,0,0
BRDA:29,4,1,0
BRDA:43,5,0,1
BRDA:43,5,1,0
BRDA:44,6,0,1
BRDA:44,6,1,0
BRDA:46,7,0,1
BRDA:49,8,0,0
BRDA:53,9,0,1
BRDA:53,9,1,0
BRDA:68,10,0,4
BRF:17
BRH:5
end_of_record
TN:
SF:src/components/HelloWorld.vue
FNF:0
FNH:0
DA:38,1
DA:40,1
LF:2
LH:2
BRF:0
BRH:0
end_of_record
TN:
SF:src/components/Message.vue
FN:36,(anonymous_1)
FN:44,(anonymous_2)
FNF:2
FNH:1
FNDA:1,(anonymous_1)
FNDA:0,(anonymous_2)
DA:23,2
DA:24,2
DA:26,2
DA:37,1
DA:38,1
DA:39,1
DA:44,1
DA:45,0
DA:46,0
DA:48,1
LF:10
LH:8
BRF:0
BRH:0
end_of_record
TN:
SF:src/components/Uploader.vue
FN:51,(anonymous_1)
FN:57,(anonymous_2)
FN:58,(anonymous_3)
FN:65,(anonymous_4)
FN:70,(anonymous_5)
FN:89,(anonymous_6)
FN:94,(anonymous_7)
FN:98,(anonymous_8)
FNF:8
FNH:2
FNDA:2,(anonymous_1)
FNDA:2,(anonymous_2)
FNDA:0,(anonymous_3)
FNDA:0,(anonymous_4)
FNDA:0,(anonymous_5)
FNDA:0,(anonymous_6)
FNDA:0,(anonymous_7)
FNDA:0,(anonymous_8)
DA:31,1
DA:32,1
DA:35,1
DA:52,2
DA:53,2
DA:54,2
DA:55,2
DA:56,2
DA:57,2
DA:59,0
DA:60,0
DA:61,0
DA:65,2
DA:66,0
DA:67,0
DA:70,2
DA:71,0
DA:72,0
DA:73,0
DA:74,0
DA:75,0
DA:76,0
DA:77,0
DA:80,0
DA:81,0
DA:82,0
DA:83,0
DA:90,0
DA:91,0
DA:92,0
DA:95,0
DA:96,0
DA:99,0
DA:100,0
DA:105,2
LF:35
LH:12
BRDA:54,0,0,0
BRDA:54,0,1,2
BRDA:59,1,0,0
BRDA:66,2,0,0
BRDA:72,3,0,0
BRDA:74,4,0,0
BRDA:76,5,0,0
BRDA:99,6,0,0
BRF:8
BRH:1
end_of_record
TN:
SF:src/components/ValidateFrom.vue
FN:19,(anonymous_1)
FN:21,(anonymous_2)
FN:22,(anonymous_3)
FN:22,(anonymous_4)
FN:25,(anonymous_5)
FN:29,(anonymous_6)
FNF:6
FNH:6
FNDA:2,(anonymous_1)
FNDA:2,(anonymous_2)
FNDA:4,(anonymous_3)
FNDA:3,(anonymous_4)
FNDA:4,(anonymous_5)
FNDA:1,(anonymous_6)
DA:12,1
DA:13,1
DA:14,1
DA:17,1
DA:20,2
DA:21,2
DA:22,4
DA:23,2
DA:25,2
DA:26,4
DA:28,2
DA:29,2
DA:30,1
DA:31,1
DA:33,2
LF:15
LH:15
BRF:0
BRH:0
end_of_record
TN:
SF:src/components/ValidateInput.vue
FN:38,(anonymous_0)
FN:45,(anonymous_1)
FN:50,(anonymous_2)
FN:52,(anonymous_3)
FN:70,(anonymous_4)
FNF:5
FNH:5
FNDA:4,(anonymous_0)
FNDA:3,(anonymous_1)
FNDA:4,(anonymous_2)
FNDA:6,(anonymous_3)
FNDA:4,(anonymous_4)
DA:17,1
DA:18,1
DA:20,1
DA:27,1
DA:39,4
DA:45,4
DA:46,3
DA:47,3
DA:48,3
DA:50,4
DA:51,4
DA:52,4
DA:53,6
DA:54,6
DA:55,6
DA:57,4
DA:58,4
DA:60,2
DA:61,2
DA:63,6
DA:65,4
DA:66,4
DA:68,0
DA:70,4
DA:71,4
DA:73,4
LF:26
LH:25
BRDA:40,0,0,4
BRDA:40,0,1,4
BRDA:51,1,0,4
BRDA:55,2,0,4
BRDA:55,2,1,2
BRF:5
BRH:5
end_of_record
TN:
SF:src/components/cretaMessage.ts
FN:5,(anonymous_1)
FN:13,(anonymous_2)
FNF:2
FNH:2
FNDA:1,(anonymous_1)
FNDA:1,(anonymous_2)
DA:1,2
DA:2,2
DA:5,2
DA:6,1
DA:10,1
DA:11,1
DA:12,1
DA:13,1
DA:14,1
DA:15,1
DA:19,2
LF:11
LH:11
BRDA:5,0,0,1
BRF:1
BRH:1
end_of_record
TN:
SF:src/hooks/useDOMCreate.ts
FN:3,useDOMCreate
FN:7,(anonymous_1)
FNF:2
FNH:2
FNDA:1,useDOMCreate
FNDA:1,(anonymous_1)
DA:1,2
DA:4,1
DA:5,1
DA:6,1
DA:7,1
DA:8,1
DA:12,2
LF:7
LH:7
BRF:0
BRH:0
end_of_record
TN:
SF:src/views/createPost.vue
FN:73,(anonymous_1)
FN:90,(anonymous_2)
FN:94,(anonymous_3)
FN:104,(anonymous_4)
FN:138,(anonymous_5)
FNF:5
FNH:3
FNDA:2,(anonymous_1)
FNDA:2,(anonymous_2)
FNDA:0,(anonymous_3)
FNDA:1,(anonymous_4)
FNDA:0,(anonymous_5)
DA:57,1
DA:58,1
DA:59,1
DA:63,1
DA:64,1
DA:65,1
DA:66,1
DA:74,2
DA:77,2
DA:78,2
DA:79,2
DA:81,2
DA:82,2
DA:90,2
DA:91,2
DA:92,0
DA:95,0
DA:96,0
DA:97,0
DA:104,2
DA:105,1
DA:106,1
DA:138,2
DA:139,0
DA:143,0
DA:144,0
DA:145,0
DA:147,0
DA:148,0
DA:150,0
DA:152,2
LF:31
LH:20
BRDA:79,0,0,2
BRDA:79,0,1,0
BRDA:79,1,0,2
BRDA:79,1,1,2
BRDA:79,2,0,2
BRDA:79,2,1,0
BRDA:79,3,0,2
BRDA:79,3,1,2
BRDA:91,4,0,0
BRDA:96,5,0,0
BRDA:105,6,0,1
BRDA:144,7,0,0
BRDA:147,8,0,0
BRF:13
BRH:7
end_of_record
TN:
SF:src/views/useFrom.vue
FN:32,(anonymous_1)
FN:54,(anonymous_2)
FNF:2
FNH:2
FNDA:1,(anonymous_1)
FNDA:2,(anonymous_2)
DA:27,1
DA:28,1
DA:29,1
DA:31,1
DA:33,1
DA:34,1
DA:35,1
DA:36,1
DA:47,1
DA:54,1
DA:55,2
DA:57,1
LF:12
LH:12
BRF:0
BRH:0
end_of_record
