TN:
SF:src/components/HelloWorld.vue
FNF:0
FNH:0
DA:38,1
DA:40,1
LF:2
LH:2
BRF:0
BRH:0
end_of_record
TN:
SF:src/components/ValidateFrom.vue
FN:19,(anonymous_1)
FN:21,(anonymous_2)
FN:22,(anonymous_3)
FN:22,(anonymous_4)
FN:25,(anonymous_5)
FN:29,(anonymous_6)
FNF:6
FNH:6
FNDA:2,(anonymous_1)
FNDA:2,(anonymous_2)
FNDA:4,(anonymous_3)
FNDA:3,(anonymous_4)
FNDA:4,(anonymous_5)
FNDA:1,(anonymous_6)
DA:12,1
DA:13,1
DA:14,1
DA:17,1
DA:20,2
DA:21,2
DA:22,4
DA:23,2
DA:25,2
DA:26,4
DA:28,2
DA:29,2
DA:30,1
DA:31,1
DA:33,2
LF:15
LH:15
BRF:0
BRH:0
end_of_record
TN:
SF:src/components/ValidateInput.vue
FN:38,(anonymous_0)
FN:45,(anonymous_1)
FN:50,(anonymous_2)
FN:52,(anonymous_3)
FN:70,(anonymous_4)
FNF:5
FNH:5
FNDA:4,(anonymous_0)
FNDA:3,(anonymous_1)
FNDA:5,(anonymous_2)
FNDA:6,(anonymous_3)
FNDA:4,(anonymous_4)
DA:17,1
DA:18,1
DA:20,1
DA:27,1
DA:39,4
DA:45,4
DA:46,3
DA:47,3
DA:48,3
DA:50,4
DA:51,5
DA:52,4
DA:53,6
DA:54,6
DA:55,6
DA:57,4
DA:58,4
DA:60,2
DA:61,2
DA:63,6
DA:65,4
DA:66,4
DA:68,1
DA:70,4
DA:71,4
DA:73,4
LF:26
LH:26
BRDA:40,0,0,4
BRDA:40,0,1,4
BRDA:51,1,0,4
BRDA:55,2,0,4
BRDA:55,2,1,2
BRF:5
BRH:5
end_of_record
TN:
SF:src/views/useFrom.vue
FN:32,(anonymous_1)
FN:54,(anonymous_2)
FNF:2
FNH:2
FNDA:1,(anonymous_1)
FNDA:2,(anonymous_2)
DA:27,1
DA:28,1
DA:29,1
DA:31,1
DA:33,1
DA:34,1
DA:35,1
DA:36,1
DA:47,1
DA:54,1
DA:55,2
DA:57,1
LF:12
LH:12
BRF:0
BRH:0
end_of_record
